<?xml version="1.0" encoding="UTF-8"?>
<testsuite hostname="DESKTOP-EE5TJE1" name="MercuryTours.MercuryTours.LoginValidation" tests="1" failures="0" timestamp="21 Dec 2019 14:56:16 GMT" time="18.478" errors="0">
  <testcase name="@AfterClass closeBrowser" time="0.0" classname="MercuryTours.MercuryTours.LoginValidation">
    <failure type="org.apache.commons.mail.EmailException" message="Sending the email to the following server failed : smtp.gmail.com:465">
      <![CDATA[org.apache.commons.mail.EmailException: Sending the email to the following server failed : smtp.gmail.com:465
	at org.apache.commons.mail.Email.sendMimeMessage(Email.java:1421)
	at org.apache.commons.mail.Email.send(Email.java:1448)
	at MercuryTours.MercuryTours.BaseClass.closeBrowser(BaseClass.java:66)
	at org.apache.maven.surefire.testng.TestNGExecutor.run(TestNGExecutor.java:281)
	at org.apache.maven.surefire.testng.TestNGXmlTestSuite.execute(TestNGXmlTestSuite.java:75)
	at org.apache.maven.surefire.testng.TestNGProvider.invoke(TestNGProvider.java:121)
	at org.apache.maven.surefire.booter.ForkedBooter.invokeProviderInSameClassLoader(ForkedBooter.java:290)
	at org.apache.maven.surefire.booter.ForkedBooter.runSuitesInProcess(ForkedBooter.java:242)
	at org.apache.maven.surefire.booter.ForkedBooter.main(ForkedBooter.java:121)
Caused by: javax.mail.AuthenticationFailedException: 535-5.7.8 Username and Password not accepted. Learn more at
535 5.7.8  https://support.google.com/mail/?p=BadCredentials a12sm15175984pga.11 - gsmtp

	at com.sun.mail.smtp.SMTPTransport$Authenticator.authenticate(SMTPTransport.java:892)
	at com.sun.mail.smtp.SMTPTransport.authenticate(SMTPTransport.java:814)
	at com.sun.mail.smtp.SMTPTransport.protocolConnect(SMTPTransport.java:728)
	at javax.mail.Service.connect(Service.java:386)
	at javax.mail.Service.connect(Service.java:245)
	at javax.mail.Service.connect(Service.java:194)
	at javax.mail.Transport.send0(Transport.java:253)
	at javax.mail.Transport.send(Transport.java:124)
	at org.apache.commons.mail.Email.sendMimeMessage(Email.java:1411)
	... 30 more
... Removed 22 stack frames]]>
    </failure>
  </testcase>
  <testcase name="validateSignIn" time="4.316" classname="MercuryTours.MercuryTours.LoginValidation"/>
</testsuite>
