<?xml version="1.0" encoding="UTF-8"?>
<!-- Generated by org.testng.reporters.JUnitXMLReporter -->
<testsuite hostname="DineshReddy" ignored="0" name="Default test" tests="4" failures="0" timestamp="2020-05-16T19:16:14 IST" time="0.068" errors="0">
  <testcase name="test1" time="0.016" classname="InterviewPrograms.TestingTestNG"/>
  <testcase name="test1" time="0.001" classname="InterviewPrograms.TestingTestNG"/>
  <testcase name="test1" time="0.001" classname="InterviewPrograms.TestingTestNG"/>
  <testcase name="test" time="0.001" classname="InterviewPrograms.TestingTestNG"/>
</testsuite> <!-- Default test -->
