<?xml version="1.0" encoding="UTF-8"?>
<!-- Generated by org.testng.reporters.JUnitXMLReporter -->
<testsuite hostname="DESKTOP-319J8HJ" ignored="0" name="Default test" tests="4" failures="0" timestamp="28 May 2019 17:25:29 GMT" time="0.182" errors="0">
  <testcase name="test1" time="0.025" classname="InterviewPrograms.TestingTestNG"/>
  <testcase name="test1" time="0.004" classname="InterviewPrograms.TestingTestNG"/>
  <testcase name="test1" time="0.003" classname="InterviewPrograms.TestingTestNG"/>
  <testcase name="test" time="0.003" classname="InterviewPrograms.TestingTestNG"/>
</testsuite> <!-- Default test -->
