<?xml version="1.0" encoding="UTF-8"?>
<testng-results skipped="0" failed="0" ignored="0" total="1" passed="1">
  <reporter-output>
  </reporter-output>
  <suite name="Default suite" duration-ms="10231" started-at="2020-05-10T14:53:06Z" finished-at="2020-05-10T14:53:17Z">
    <groups>
    </groups>
    <test name="Default test" duration-ms="10231" started-at="2020-05-10T14:53:06Z" finished-at="2020-05-10T14:53:17Z">
      <class name="com.banking.TestCases.LoginTest_001">
        <test-method status="PASS" signature="setUp()[pri:0, instance:com.banking.TestCases.LoginTest_001@6093dd95]" name="setUp" is-config="true" duration-ms="4370" started-at="2020-05-10T14:53:06Z" finished-at="2020-05-10T14:53:11Z">
          <reporter-output>
          </reporter-output>
        </test-method> <!-- setUp -->
        <test-method status="PASS" signature="loginTest()[pri:0, instance:com.banking.TestCases.LoginTest_001@6093dd95]" name="loginTest" duration-ms="4917" started-at="2020-05-10T14:53:11Z" finished-at="2020-05-10T14:53:16Z">
          <reporter-output>
          </reporter-output>
        </test-method> <!-- loginTest -->
        <test-method status="PASS" signature="tearDown()[pri:0, instance:com.banking.TestCases.LoginTest_001@6093dd95]" name="tearDown" is-config="true" duration-ms="918" started-at="2020-05-10T14:53:16Z" finished-at="2020-05-10T14:53:17Z">
          <reporter-output>
          </reporter-output>
        </test-method> <!-- tearDown -->
      </class> <!-- com.banking.TestCases.LoginTest_001 -->
    </test> <!-- Default test -->
  </suite> <!-- Default suite -->
</testng-results>
