<?xml version="1.0" encoding="UTF-8"?>
<testsuite xmlns:xsi="http://www.w3.org/2001/XMLSchema-instance" xsi:schemaLocation="https://maven.apache.org/surefire/maven-surefire-plugin/xsd/surefire-test-report.xsd" name="TestSuite" time="19.848" tests="2" errors="0" skipped="0" failures="1">
  <properties>
[...]
</properties>
  <testcase name="validateSignIn" classname="MercuryTours.MercuryTours.LoginValidation" time="4.32"/>
  <testcase name="closeBrowser" classname="MercuryTours.MercuryTours.LoginValidation" time="6.462">
    <failure message="Sending the email to the following server failed : smtp.gmail.com:465" type="org.apache.commons.mail.EmailException">org.apache.commons.mail.EmailException: Sending the email to the following server failed : smtp.gmail.com:465
Caused by: javax.mail.AuthenticationFailedException: 
535-5.7.8 Username and Password not accepted. Learn more at
535 5.7.8  https://support.google.com/mail/?p=BadCredentials a12sm15175984pga.11 - gsmtp

</failure>
    <system-out><![CDATA[Sending an Email...............
]]></system-out>
    <system-err><![CDATA[log4j:WARN No appenders could be found for logger (freemarker.cache).
log4j:WARN Please initialize the log4j system properly.
log4j:WARN See http://logging.apache.org/log4j/1.2/faq.html#noconfig for more info.
]]></system-err>
  </testcase>
</testsuite>