<?xml version="1.0" encoding="UTF-8"?>
<testng-results skipped="0" failed="0" total="1" passed="1">
  <reporter-output>
  </reporter-output>
  <suite name="Default suite" duration-ms="23358" started-at="2020-06-22T15:51:27Z" finished-at="2020-06-22T15:51:51Z">
    <groups>
    </groups>
    <test name="Default test" duration-ms="23358" started-at="2020-06-22T15:51:27Z" finished-at="2020-06-22T15:51:51Z">
      <class name="Selenium4.OpenNewTab">
        <test-method status="PASS" signature="openNewWindow()[pri:0, instance:Selenium4.OpenNewTab@1a968a59]" name="openNewWindow" duration-ms="23327" started-at="2020-06-22T21:21:27Z" finished-at="2020-06-22T21:21:51Z">
          <reporter-output>
          </reporter-output>
        </test-method> <!-- openNewWindow -->
      </class> <!-- Selenium4.OpenNewTab -->
    </test> <!-- Default test -->
  </suite> <!-- Default suite -->
</testng-results>
